"../../../Engine/Content/EditorBlueprintResources/StandardMacros.uasset" 0
"../../../IslandEscape/Content/IslandEscape/IE_GameInstance.uasset" 1
"../../../Engine/Plugins/2D/Paper2D/Content/PlaceholderTextures/DummySpriteTexture.uasset" 2
"../../../IslandEscape/Content/IslandEscape/Character/Materials/CustomSpriteMaterial.uasset" 3
"../../../IslandEscape/Content/IslandEscape/Character/CharacterAfterImage.uasset" 4
"../../../IslandEscape/Content/IslandEscape/Character/CharacterSpecial.uasset" 5
"../../../IslandEscape/Content/IslandEscape/Character/IE_CharacterInput.uasset" 6
"../../../IslandEscape/Content/IslandEscape/MyPlayerController.uasset" 7
"../../../IslandEscape/Content/IslandEscape/Character/IE_HitboxData.uasset" 8
"../../../IslandEscape/Content/IslandEscape/Character/IE_InputBufferEntry.uasset" 9
"../../../Engine/Plugins/2D/Paper2D/Content/DefaultSpriteMaterial.uasset" 10
"../../../Engine/Plugins/2D/Paper2D/Content/TranslucentUnlitSpriteMaterial.uasset" 11
"../../../IslandEscape/Content/IslandEscape/Character/Textures/BackwardAerial/Bair01.uasset" 12
"../../../IslandEscape/Content/IslandEscape/Character/Sprites/BackwardAerial/Bair01_Sprite.uasset" 13
"../../../IslandEscape/Content/IslandEscape/Character/Textures/BackwardAerial/Bair02.uasset" 14
"../../../IslandEscape/Content/IslandEscape/Character/Sprites/BackwardAerial/Bair02_Sprite.uasset" 15
"../../../IslandEscape/Content/IslandEscape/Character/Textures/BackwardAerial/Bair03.uasset" 16
"../../../IslandEscape/Content/IslandEscape/Character/Sprites/BackwardAerial/Bair03_Sprite.uasset" 17
"../../../IslandEscape/Content/IslandEscape/Character/Textures/BackwardAerial/Bair04.uasset" 18
"../../../IslandEscape/Content/IslandEscape/Character/Sprites/BackwardAerial/Bair04_Sprite.uasset" 19
"../../../IslandEscape/Content/IslandEscape/Character/Textures/BackwardAerial/Bair05.uasset" 20
"../../../IslandEscape/Content/IslandEscape/Character/Sprites/BackwardAerial/Bair05_Sprite.uasset" 21
"../../../IslandEscape/Content/IslandEscape/Character/Textures/BackwardAerial/Bair06.uasset" 22
"../../../IslandEscape/Content/IslandEscape/Character/Sprites/BackwardAerial/Bair06_Sprite.uasset" 23
"../../../IslandEscape/Content/IslandEscape/Character/Textures/BackwardAerial/Bair07.uasset" 24
"../../../IslandEscape/Content/IslandEscape/Character/Sprites/BackwardAerial/Bair07_Sprite.uasset" 25
"../../../IslandEscape/Content/IslandEscape/Character/Textures/BackwardAerial/Bair08.uasset" 26
"../../../IslandEscape/Content/IslandEscape/Character/Sprites/BackwardAerial/Bair08_Sprite.uasset" 27
"../../../IslandEscape/Content/IslandEscape/Character/Textures/BackwardAerial/Bair09.uasset" 28
"../../../IslandEscape/Content/IslandEscape/Character/Sprites/BackwardAerial/Bair09_Sprite.uasset" 29
"../../../IslandEscape/Content/IslandEscape/Character/Textures/BackwardAerial/Bair10.uasset" 30
"../../../IslandEscape/Content/IslandEscape/Character/Sprites/BackwardAerial/Bair10_Sprite.uasset" 31
"../../../IslandEscape/Content/IslandEscape/Character/Textures/BackwardAerial/Bair11.uasset" 32
"../../../IslandEscape/Content/IslandEscape/Character/Sprites/BackwardAerial/Bair11_Sprite.uasset" 33
"../../../IslandEscape/Content/IslandEscape/Character/Textures/BackwardAerial/Bair12.uasset" 34
"../../../IslandEscape/Content/IslandEscape/Character/Sprites/BackwardAerial/Bair12_Sprite.uasset" 35
"../../../IslandEscape/Content/IslandEscape/Character/Textures/BackwardAerial/Bair13.uasset" 36
"../../../IslandEscape/Content/IslandEscape/Character/Sprites/BackwardAerial/Bair13_Sprite.uasset" 37
"../../../IslandEscape/Content/IslandEscape/Character/Textures/BackwardAerial/Bair14.uasset" 38
"../../../IslandEscape/Content/IslandEscape/Character/Sprites/BackwardAerial/Bair14_Sprite.uasset" 39
"../../../IslandEscape/Content/IslandEscape/Character/Textures/BackwardAerial/Bair15.uasset" 40
"../../../IslandEscape/Content/IslandEscape/Character/Sprites/BackwardAerial/Bair15_Sprite.uasset" 41
"../../../IslandEscape/Content/IslandEscape/Character/Textures/BackwardAerial/Bair16.uasset" 42
"../../../IslandEscape/Content/IslandEscape/Character/Sprites/BackwardAerial/Bair16_Sprite.uasset" 43
"../../../IslandEscape/Content/IslandEscape/Character/Animations/BackAir.uasset" 44
"../../../IslandEscape/Content/IslandEscape/Character/Textures/Crouching/Crouch1.uasset" 45
"../../../IslandEscape/Content/IslandEscape/Character/Sprites/Crouching/Crouch1_Sprite.uasset" 46
"../../../IslandEscape/Content/IslandEscape/Character/Textures/Crouching/Crouch2.uasset" 47
"../../../IslandEscape/Content/IslandEscape/Character/Sprites/Crouching/Crouch2_Sprite.uasset" 48
"../../../IslandEscape/Content/IslandEscape/Character/Animations/CrouchEnd.uasset" 49
"../../../IslandEscape/Content/IslandEscape/Character/Animations/CrouchStart.uasset" 50
"../../../IslandEscape/Content/IslandEscape/Character/Textures/DownwardAerial/Dair02.uasset" 51
"../../../IslandEscape/Content/IslandEscape/Character/Sprites/DownwardAerial/Dair02_Sprite.uasset" 52
"../../../IslandEscape/Content/IslandEscape/Character/Textures/DownwardAerial/Dair03.uasset" 53
"../../../IslandEscape/Content/IslandEscape/Character/Sprites/DownwardAerial/Dair03_Sprite.uasset" 54
"../../../IslandEscape/Content/IslandEscape/Character/Textures/DownwardAerial/Dair04.uasset" 55
"../../../IslandEscape/Content/IslandEscape/Character/Sprites/DownwardAerial/Dair04_Sprite.uasset" 56
"../../../IslandEscape/Content/IslandEscape/Character/Textures/DownwardAerial/Dair05.uasset" 57
"../../../IslandEscape/Content/IslandEscape/Character/Sprites/DownwardAerial/Dair05_Sprite.uasset" 58
"../../../IslandEscape/Content/IslandEscape/Character/Textures/DownwardAerial/Dair06.uasset" 59
"../../../IslandEscape/Content/IslandEscape/Character/Sprites/DownwardAerial/Dair06_Sprite.uasset" 60
"../../../IslandEscape/Content/IslandEscape/Character/Textures/DownwardAerial/Dair07.uasset" 61
"../../../IslandEscape/Content/IslandEscape/Character/Sprites/DownwardAerial/Dair07_Sprite.uasset" 62
"../../../IslandEscape/Content/IslandEscape/Character/Textures/DownwardAerial/Dair08.uasset" 63
"../../../IslandEscape/Content/IslandEscape/Character/Sprites/DownwardAerial/Dair08_Sprite.uasset" 64
"../../../IslandEscape/Content/IslandEscape/Character/Textures/DownwardAerial/Dair09.uasset" 65
"../../../IslandEscape/Content/IslandEscape/Character/Sprites/DownwardAerial/Dair09_Sprite.uasset" 66
"../../../IslandEscape/Content/IslandEscape/Character/Textures/DownwardAerial/Dair10.uasset" 67
"../../../IslandEscape/Content/IslandEscape/Character/Sprites/DownwardAerial/Dair10_Sprite.uasset" 68
"../../../IslandEscape/Content/IslandEscape/Character/Textures/DownwardAerial/Dair11.uasset" 69
"../../../IslandEscape/Content/IslandEscape/Character/Sprites/DownwardAerial/Dair11_Sprite.uasset" 70
"../../../IslandEscape/Content/IslandEscape/Character/Textures/DownwardAerial/Dair12.uasset" 71
"../../../IslandEscape/Content/IslandEscape/Character/Sprites/DownwardAerial/Dair12_Sprite.uasset" 72
"../../../IslandEscape/Content/IslandEscape/Character/Animations/DownAir.uasset" 73
"../../../IslandEscape/Content/IslandEscape/Character/Textures/DownTilt/DownTilt01.uasset" 74
"../../../IslandEscape/Content/IslandEscape/Character/Sprites/DownTilt/DownTilt01_Sprite.uasset" 75
"../../../IslandEscape/Content/IslandEscape/Character/Textures/DownTilt/DownTilt02.uasset" 76
"../../../IslandEscape/Content/IslandEscape/Character/Sprites/DownTilt/DownTilt02_Sprite.uasset" 77
"../../../IslandEscape/Content/IslandEscape/Character/Textures/DownTilt/DownTilt03.uasset" 78
"../../../IslandEscape/Content/IslandEscape/Character/Sprites/DownTilt/DownTilt03_Sprite.uasset" 79
"../../../IslandEscape/Content/IslandEscape/Character/Textures/DownTilt/DownTilt04.uasset" 80
"../../../IslandEscape/Content/IslandEscape/Character/Sprites/DownTilt/DownTilt04_Sprite.uasset" 81
"../../../IslandEscape/Content/IslandEscape/Character/Textures/DownTilt/DownTilt05.uasset" 82
"../../../IslandEscape/Content/IslandEscape/Character/Sprites/DownTilt/DownTilt05_Sprite.uasset" 83
"../../../IslandEscape/Content/IslandEscape/Character/Textures/DownTilt/DownTilt06.uasset" 84
"../../../IslandEscape/Content/IslandEscape/Character/Sprites/DownTilt/DownTilt06_Sprite.uasset" 85
"../../../IslandEscape/Content/IslandEscape/Character/Textures/DownTilt/DownTilt07.uasset" 86
"../../../IslandEscape/Content/IslandEscape/Character/Sprites/DownTilt/DownTilt07_Sprite.uasset" 87
"../../../IslandEscape/Content/IslandEscape/Character/Textures/DownTilt/DownTilt08.uasset" 88
"../../../IslandEscape/Content/IslandEscape/Character/Sprites/DownTilt/DownTilt08_Sprite.uasset" 89
"../../../IslandEscape/Content/IslandEscape/Character/Textures/DownTilt/DownTilt09.uasset" 90
"../../../IslandEscape/Content/IslandEscape/Character/Sprites/DownTilt/DownTilt09_Sprite.uasset" 91
"../../../IslandEscape/Content/IslandEscape/Character/Textures/DownTilt/DownTilt10.uasset" 92
"../../../IslandEscape/Content/IslandEscape/Character/Sprites/DownTilt/DownTilt10_Sprite.uasset" 93
"../../../IslandEscape/Content/IslandEscape/Character/Textures/DownTilt/DownTilt11.uasset" 94
"../../../IslandEscape/Content/IslandEscape/Character/Sprites/DownTilt/DownTilt11_Sprite.uasset" 95
"../../../IslandEscape/Content/IslandEscape/Character/Textures/DownTilt/DownTilt12.uasset" 96
"../../../IslandEscape/Content/IslandEscape/Character/Sprites/DownTilt/DownTilt12_Sprite.uasset" 97
"../../../IslandEscape/Content/IslandEscape/Character/Textures/DownTilt/DownTilt13.uasset" 98
"../../../IslandEscape/Content/IslandEscape/Character/Sprites/DownTilt/DownTilt13_Sprite.uasset" 99
"../../../IslandEscape/Content/IslandEscape/Character/Animations/DownTilt.uasset" 100
"../../../IslandEscape/Content/IslandEscape/Character/Textures/Dying/Dying1.uasset" 101
"../../../IslandEscape/Content/IslandEscape/Character/Sprites/Dying/Dying1_Sprite.uasset" 102
"../../../IslandEscape/Content/IslandEscape/Character/Textures/Dying/Dying2.uasset" 103
"../../../IslandEscape/Content/IslandEscape/Character/Sprites/Dying/Dying2_Sprite.uasset" 104
"../../../IslandEscape/Content/IslandEscape/Character/Textures/Dying/Dying3.uasset" 105
"../../../IslandEscape/Content/IslandEscape/Character/Sprites/Dying/Dying3_Sprite.uasset" 106
"../../../IslandEscape/Content/IslandEscape/Character/Textures/Dying/Dying4.uasset" 107
"../../../IslandEscape/Content/IslandEscape/Character/Sprites/Dying/Dying4_Sprite.uasset" 108
"../../../IslandEscape/Content/IslandEscape/Character/Textures/Dying/Dying5.uasset" 109
"../../../IslandEscape/Content/IslandEscape/Character/Sprites/Dying/Dying5_Sprite.uasset" 110
"../../../IslandEscape/Content/IslandEscape/Character/Textures/Dying/Dying6.uasset" 111
"../../../IslandEscape/Content/IslandEscape/Character/Sprites/Dying/Dying6_Sprite.uasset" 112
"../../../IslandEscape/Content/IslandEscape/Character/Textures/Dying/Dying7.uasset" 113
"../../../IslandEscape/Content/IslandEscape/Character/Sprites/Dying/Dying7_Sprite.uasset" 114
"../../../IslandEscape/Content/IslandEscape/Character/Textures/Dying/Dying8.uasset" 115
"../../../IslandEscape/Content/IslandEscape/Character/Sprites/Dying/Dying8_Sprite.uasset" 116
"../../../IslandEscape/Content/IslandEscape/Character/Animations/Dying.uasset" 117
"../../../IslandEscape/Content/IslandEscape/Character/Textures/Jump/Jump08.uasset" 118
"../../../IslandEscape/Content/IslandEscape/Character/Sprites/Jump/Jump08_Sprite.uasset" 119
"../../../IslandEscape/Content/IslandEscape/Character/Textures/Jump/Jump09.uasset" 120
"../../../IslandEscape/Content/IslandEscape/Character/Sprites/Jump/Jump09_Sprite.uasset" 121
"../../../IslandEscape/Content/IslandEscape/Character/Animations/Falling.uasset" 122
"../../../IslandEscape/Content/IslandEscape/Character/Textures/ForwardAerial/Fair01.uasset" 123
"../../../IslandEscape/Content/IslandEscape/Character/Sprites/ForwardAerial/Fair01_Sprite.uasset" 124
"../../../IslandEscape/Content/IslandEscape/Character/Textures/ForwardAerial/Fair02.uasset" 125
"../../../IslandEscape/Content/IslandEscape/Character/Sprites/ForwardAerial/Fair02_Sprite.uasset" 126
"../../../IslandEscape/Content/IslandEscape/Character/Textures/ForwardAerial/Fair03.uasset" 127
"../../../IslandEscape/Content/IslandEscape/Character/Sprites/ForwardAerial/Fair03_Sprite.uasset" 128
"../../../IslandEscape/Content/IslandEscape/Character/Textures/ForwardAerial/Fair04.uasset" 129
"../../../IslandEscape/Content/IslandEscape/Character/Sprites/ForwardAerial/Fair04_Sprite.uasset" 130
"../../../IslandEscape/Content/IslandEscape/Character/Textures/ForwardAerial/Fair05.uasset" 131
"../../../IslandEscape/Content/IslandEscape/Character/Sprites/ForwardAerial/Fair05_Sprite.uasset" 132
"../../../IslandEscape/Content/IslandEscape/Character/Textures/ForwardAerial/Fair06.uasset" 133
"../../../IslandEscape/Content/IslandEscape/Character/Sprites/ForwardAerial/Fair06_Sprite.uasset" 134
"../../../IslandEscape/Content/IslandEscape/Character/Textures/ForwardAerial/Fair07.uasset" 135
"../../../IslandEscape/Content/IslandEscape/Character/Sprites/ForwardAerial/Fair07_Sprite.uasset" 136
"../../../IslandEscape/Content/IslandEscape/Character/Textures/ForwardAerial/Fair08.uasset" 137
"../../../IslandEscape/Content/IslandEscape/Character/Sprites/ForwardAerial/Fair08_Sprite.uasset" 138
"../../../IslandEscape/Content/IslandEscape/Character/Textures/ForwardAerial/Fair09.uasset" 139
"../../../IslandEscape/Content/IslandEscape/Character/Sprites/ForwardAerial/Fair09_Sprite.uasset" 140
"../../../IslandEscape/Content/IslandEscape/Character/Textures/ForwardAerial/Fair10.uasset" 141
"../../../IslandEscape/Content/IslandEscape/Character/Sprites/ForwardAerial/Fair10_Sprite.uasset" 142
"../../../IslandEscape/Content/IslandEscape/Character/Textures/ForwardAerial/Fair11.uasset" 143
"../../../IslandEscape/Content/IslandEscape/Character/Sprites/ForwardAerial/Fair11_Sprite.uasset" 144
"../../../IslandEscape/Content/IslandEscape/Character/Textures/ForwardAerial/Fair12.uasset" 145
"../../../IslandEscape/Content/IslandEscape/Character/Sprites/ForwardAerial/Fair12_Sprite.uasset" 146
"../../../IslandEscape/Content/IslandEscape/Character/Textures/ForwardAerial/Fair13.uasset" 147
"../../../IslandEscape/Content/IslandEscape/Character/Sprites/ForwardAerial/Fair13_Sprite.uasset" 148
"../../../IslandEscape/Content/IslandEscape/Character/Textures/ForwardAerial/Fair14.uasset" 149
"../../../IslandEscape/Content/IslandEscape/Character/Sprites/ForwardAerial/Fair14_Sprite.uasset" 150
"../../../IslandEscape/Content/IslandEscape/Character/Textures/ForwardAerial/Fair15.uasset" 151
"../../../IslandEscape/Content/IslandEscape/Character/Sprites/ForwardAerial/Fair15_Sprite.uasset" 152
"../../../IslandEscape/Content/IslandEscape/Character/Animations/ForwardAir.uasset" 153
"../../../IslandEscape/Content/IslandEscape/Character/Textures/Grab/Grab01.uasset" 154
"../../../IslandEscape/Content/IslandEscape/Character/Sprites/Grab/Grab01_Sprite.uasset" 155
"../../../IslandEscape/Content/IslandEscape/Character/Textures/Grab/Grab02.uasset" 156
"../../../IslandEscape/Content/IslandEscape/Character/Sprites/Grab/Grab02_Sprite.uasset" 157
"../../../IslandEscape/Content/IslandEscape/Character/Textures/Grab/Grab03.uasset" 158
"../../../IslandEscape/Content/IslandEscape/Character/Sprites/Grab/Grab03_Sprite.uasset" 159
"../../../IslandEscape/Content/IslandEscape/Character/Textures/Grab/Grab04.uasset" 160
"../../../IslandEscape/Content/IslandEscape/Character/Sprites/Grab/Grab04_Sprite.uasset" 161
"../../../IslandEscape/Content/IslandEscape/Character/Textures/Grab/Grab05.uasset" 162
"../../../IslandEscape/Content/IslandEscape/Character/Sprites/Grab/Grab05_Sprite.uasset" 163
"../../../IslandEscape/Content/IslandEscape/Character/Textures/Grab/Grab06.uasset" 164
"../../../IslandEscape/Content/IslandEscape/Character/Sprites/Grab/Grab06_Sprite.uasset" 165
"../../../IslandEscape/Content/IslandEscape/Character/Textures/Grab/Grab07.uasset" 166
"../../../IslandEscape/Content/IslandEscape/Character/Sprites/Grab/Grab07_Sprite.uasset" 167
"../../../IslandEscape/Content/IslandEscape/Character/Textures/Grab/Grab08.uasset" 168
"../../../IslandEscape/Content/IslandEscape/Character/Sprites/Grab/Grab08_Sprite.uasset" 169
"../../../IslandEscape/Content/IslandEscape/Character/Textures/Grab/Grab09.uasset" 170
"../../../IslandEscape/Content/IslandEscape/Character/Sprites/Grab/Grab09_Sprite.uasset" 171
"../../../IslandEscape/Content/IslandEscape/Character/Textures/Grab/Grab10.uasset" 172
"../../../IslandEscape/Content/IslandEscape/Character/Sprites/Grab/Grab10_Sprite.uasset" 173
"../../../IslandEscape/Content/IslandEscape/Character/Textures/Grab/Grab11.uasset" 174
"../../../IslandEscape/Content/IslandEscape/Character/Sprites/Grab/Grab11_Sprite.uasset" 175
"../../../IslandEscape/Content/IslandEscape/Character/Textures/Grab/Grab12.uasset" 176
"../../../IslandEscape/Content/IslandEscape/Character/Sprites/Grab/Grab12_Sprite.uasset" 177
"../../../IslandEscape/Content/IslandEscape/Character/Animations/Grab.uasset" 178
"../../../IslandEscape/Content/IslandEscape/Character/Textures/Grab/Grabbed1.uasset" 179
"../../../IslandEscape/Content/IslandEscape/Character/Sprites/Grab/Grabbed1_Sprite.uasset" 180
"../../../IslandEscape/Content/IslandEscape/Character/Animations/Grabbed.uasset" 181
"../../../IslandEscape/Content/IslandEscape/Character/Textures/Grab/Grabbed2.uasset" 182
"../../../IslandEscape/Content/IslandEscape/Character/Sprites/Grab/Grabbed2_Sprite.uasset" 183
"../../../IslandEscape/Content/IslandEscape/Character/Animations/Grabbing.uasset" 184
"../../../IslandEscape/Content/IslandEscape/Character/Textures/HardHit/HardHit1.uasset" 185
"../../../IslandEscape/Content/IslandEscape/Character/Sprites/HardHit/HardHit1_Sprite.uasset" 186
"../../../IslandEscape/Content/IslandEscape/Character/Textures/HardHit/HardHit2.uasset" 187
"../../../IslandEscape/Content/IslandEscape/Character/Sprites/HardHit/HardHit2_Sprite.uasset" 188
"../../../IslandEscape/Content/IslandEscape/Character/Textures/HardHit/HardHit3.uasset" 189
"../../../IslandEscape/Content/IslandEscape/Character/Sprites/HardHit/HardHit3_Sprite.uasset" 190
"../../../IslandEscape/Content/IslandEscape/Character/Textures/HardHit/HardHit4.uasset" 191
"../../../IslandEscape/Content/IslandEscape/Character/Sprites/HardHit/HardHit4_Sprite.uasset" 192
"../../../IslandEscape/Content/IslandEscape/Character/Textures/HardHit/HardHit5.uasset" 193
"../../../IslandEscape/Content/IslandEscape/Character/Sprites/HardHit/HardHit5_Sprite.uasset" 194
"../../../IslandEscape/Content/IslandEscape/Character/Textures/HardHit/HardHit6.uasset" 195
"../../../IslandEscape/Content/IslandEscape/Character/Sprites/HardHit/HardHit6_Sprite.uasset" 196
"../../../IslandEscape/Content/IslandEscape/Character/Textures/HardHit/HardHit7.uasset" 197
"../../../IslandEscape/Content/IslandEscape/Character/Sprites/HardHit/HardHit7_Sprite.uasset" 198
"../../../IslandEscape/Content/IslandEscape/Character/Textures/HardHit/HardHit8.uasset" 199
"../../../IslandEscape/Content/IslandEscape/Character/Sprites/HardHit/HardHit8_Sprite.uasset" 200
"../../../IslandEscape/Content/IslandEscape/Character/Textures/HardHit/HardHit9.uasset" 201
"../../../IslandEscape/Content/IslandEscape/Character/Sprites/HardHit/HardHit9_Sprite.uasset" 202
"../../../IslandEscape/Content/IslandEscape/Character/Animations/HardHit.uasset" 203
"../../../IslandEscape/Content/IslandEscape/Character/Textures/Jab/Jab123_01.uasset" 204
"../../../IslandEscape/Content/IslandEscape/Character/Sprites/Jab/Jab123_01_Sprite.uasset" 205
"../../../IslandEscape/Content/IslandEscape/Character/Textures/Jab/Jab123_02.uasset" 206
"../../../IslandEscape/Content/IslandEscape/Character/Sprites/Jab/Jab123_02_Sprite.uasset" 207
"../../../IslandEscape/Content/IslandEscape/Character/Textures/Jab/Jab123_03.uasset" 208
"../../../IslandEscape/Content/IslandEscape/Character/Sprites/Jab/Jab123_03_Sprite.uasset" 209
"../../../IslandEscape/Content/IslandEscape/Character/Textures/Jab/Jab123_04.uasset" 210
"../../../IslandEscape/Content/IslandEscape/Character/Sprites/Jab/Jab123_04_Sprite.uasset" 211
"../../../IslandEscape/Content/IslandEscape/Character/Textures/Jab/Jab123_05.uasset" 212
"../../../IslandEscape/Content/IslandEscape/Character/Sprites/Jab/Jab123_05_Sprite.uasset" 213
"../../../IslandEscape/Content/IslandEscape/Character/Textures/Jab/Jab123_06.uasset" 214
"../../../IslandEscape/Content/IslandEscape/Character/Sprites/Jab/Jab123_06_Sprite.uasset" 215
"../../../IslandEscape/Content/IslandEscape/Character/Animations/Jab1.uasset" 216
"../../../IslandEscape/Content/IslandEscape/Character/Textures/Jab/Jab123_07.uasset" 217
"../../../IslandEscape/Content/IslandEscape/Character/Sprites/Jab/Jab123_07_Sprite.uasset" 218
"../../../IslandEscape/Content/IslandEscape/Character/Textures/Jab/Jab123_08.uasset" 219
"../../../IslandEscape/Content/IslandEscape/Character/Sprites/Jab/Jab123_08_Sprite.uasset" 220
"../../../IslandEscape/Content/IslandEscape/Character/Textures/Jab/Jab123_09.uasset" 221
"../../../IslandEscape/Content/IslandEscape/Character/Sprites/Jab/Jab123_09_Sprite.uasset" 222
"../../../IslandEscape/Content/IslandEscape/Character/Textures/Jab/Jab123_10.uasset" 223
"../../../IslandEscape/Content/IslandEscape/Character/Sprites/Jab/Jab123_10_Sprite.uasset" 224
"../../../IslandEscape/Content/IslandEscape/Character/Textures/Jab/Jab123_11.uasset" 225
"../../../IslandEscape/Content/IslandEscape/Character/Sprites/Jab/Jab123_11_Sprite.uasset" 226
"../../../IslandEscape/Content/IslandEscape/Character/Textures/Jab/Jab123_12.uasset" 227
"../../../IslandEscape/Content/IslandEscape/Character/Sprites/Jab/Jab123_12_Sprite.uasset" 228
"../../../IslandEscape/Content/IslandEscape/Character/Animations/Jab2.uasset" 229
"../../../IslandEscape/Content/IslandEscape/Character/Textures/Jab/Jab123_13.uasset" 230
"../../../IslandEscape/Content/IslandEscape/Character/Sprites/Jab/Jab123_13_Sprite.uasset" 231
"../../../IslandEscape/Content/IslandEscape/Character/Textures/Jab/Jab123_14.uasset" 232
"../../../IslandEscape/Content/IslandEscape/Character/Sprites/Jab/Jab123_14_Sprite.uasset" 233
"../../../IslandEscape/Content/IslandEscape/Character/Textures/Jab/Jab123_15.uasset" 234
"../../../IslandEscape/Content/IslandEscape/Character/Sprites/Jab/Jab123_15_Sprite.uasset" 235
"../../../IslandEscape/Content/IslandEscape/Character/Textures/Jab/Jab123_16.uasset" 236
"../../../IslandEscape/Content/IslandEscape/Character/Sprites/Jab/Jab123_16_Sprite.uasset" 237
"../../../IslandEscape/Content/IslandEscape/Character/Textures/Jab/Jab123_17.uasset" 238
"../../../IslandEscape/Content/IslandEscape/Character/Sprites/Jab/Jab123_17_Sprite.uasset" 239
"../../../IslandEscape/Content/IslandEscape/Character/Textures/Jab/Jab123_18.uasset" 240
"../../../IslandEscape/Content/IslandEscape/Character/Sprites/Jab/Jab123_18_Sprite.uasset" 241
"../../../IslandEscape/Content/IslandEscape/Character/Textures/Jab/Jab123_19.uasset" 242
"../../../IslandEscape/Content/IslandEscape/Character/Sprites/Jab/Jab123_19_Sprite.uasset" 243
"../../../IslandEscape/Content/IslandEscape/Character/Textures/Jab/Jab123_20.uasset" 244
"../../../IslandEscape/Content/IslandEscape/Character/Sprites/Jab/Jab123_20_Sprite.uasset" 245
"../../../IslandEscape/Content/IslandEscape/Character/Textures/Jab/Jab123_21.uasset" 246
"../../../IslandEscape/Content/IslandEscape/Character/Sprites/Jab/Jab123_21_Sprite.uasset" 247
"../../../IslandEscape/Content/IslandEscape/Character/Textures/Jab/Jab123_22.uasset" 248
"../../../IslandEscape/Content/IslandEscape/Character/Sprites/Jab/Jab123_22_Sprite.uasset" 249
"../../../IslandEscape/Content/IslandEscape/Character/Textures/Jab/Jab123_23.uasset" 250
"../../../IslandEscape/Content/IslandEscape/Character/Sprites/Jab/Jab123_23_Sprite.uasset" 251
"../../../IslandEscape/Content/IslandEscape/Character/Textures/Jab/Jab123_24.uasset" 252
"../../../IslandEscape/Content/IslandEscape/Character/Sprites/Jab/Jab123_24_Sprite.uasset" 253
"../../../IslandEscape/Content/IslandEscape/Character/Textures/Jab/Jab123_25.uasset" 254
"../../../IslandEscape/Content/IslandEscape/Character/Sprites/Jab/Jab123_25_Sprite.uasset" 255
"../../../IslandEscape/Content/IslandEscape/Character/Textures/Jab/Jab123_26.uasset" 256
"../../../IslandEscape/Content/IslandEscape/Character/Sprites/Jab/Jab123_26_Sprite.uasset" 257
"../../../IslandEscape/Content/IslandEscape/Character/Textures/Jab/Jab123_27.uasset" 258
"../../../IslandEscape/Content/IslandEscape/Character/Sprites/Jab/Jab123_27_Sprite.uasset" 259
"../../../IslandEscape/Content/IslandEscape/Character/Animations/Jab3.uasset" 260
"../../../IslandEscape/Content/IslandEscape/Character/Textures/Jump/Jump06.uasset" 261
"../../../IslandEscape/Content/IslandEscape/Character/Sprites/Jump/Jump06_Sprite.uasset" 262
"../../../IslandEscape/Content/IslandEscape/Character/Textures/Jump/Jump07.uasset" 263
"../../../IslandEscape/Content/IslandEscape/Character/Sprites/Jump/Jump07_Sprite.uasset" 264
"../../../IslandEscape/Content/IslandEscape/Character/Animations/Jumping.uasset" 265
"../../../IslandEscape/Content/IslandEscape/Character/Textures/Jump/Jump01.uasset" 266
"../../../IslandEscape/Content/IslandEscape/Character/Sprites/Jump/Jump01_Sprite.uasset" 267
"../../../IslandEscape/Content/IslandEscape/Character/Textures/Jump/Jump02.uasset" 268
"../../../IslandEscape/Content/IslandEscape/Character/Sprites/Jump/Jump02_Sprite.uasset" 269
"../../../IslandEscape/Content/IslandEscape/Character/Textures/Jump/Jump03.uasset" 270
"../../../IslandEscape/Content/IslandEscape/Character/Sprites/Jump/Jump03_Sprite.uasset" 271
"../../../IslandEscape/Content/IslandEscape/Character/Textures/Jump/Jump04.uasset" 272
"../../../IslandEscape/Content/IslandEscape/Character/Sprites/Jump/Jump04_Sprite.uasset" 273
"../../../IslandEscape/Content/IslandEscape/Character/Textures/Jump/Jump05.uasset" 274
"../../../IslandEscape/Content/IslandEscape/Character/Sprites/Jump/Jump05_Sprite.uasset" 275
"../../../IslandEscape/Content/IslandEscape/Character/Animations/JumpStart.uasset" 276
"../../../IslandEscape/Content/IslandEscape/Character/Textures/LightHit/LightHit1.uasset" 277
"../../../IslandEscape/Content/IslandEscape/Character/Sprites/LightHit/LightHit1_Sprite.uasset" 278
"../../../IslandEscape/Content/IslandEscape/Character/Animations/LightHit.uasset" 279
"../../../IslandEscape/Content/IslandEscape/Character/Textures/NeutralAerial/Nair02.uasset" 280
"../../../IslandEscape/Content/IslandEscape/Character/Sprites/NeutralAerial/Nair02_Sprite.uasset" 281
"../../../IslandEscape/Content/IslandEscape/Character/Textures/NeutralAerial/Nair03.uasset" 282
"../../../IslandEscape/Content/IslandEscape/Character/Sprites/NeutralAerial/Nair03_Sprite.uasset" 283
"../../../IslandEscape/Content/IslandEscape/Character/Textures/NeutralAerial/Nair04.uasset" 284
"../../../IslandEscape/Content/IslandEscape/Character/Sprites/NeutralAerial/Nair04_Sprite.uasset" 285
"../../../IslandEscape/Content/IslandEscape/Character/Textures/NeutralAerial/Nair05.uasset" 286
"../../../IslandEscape/Content/IslandEscape/Character/Sprites/NeutralAerial/Nair05_Sprite.uasset" 287
"../../../IslandEscape/Content/IslandEscape/Character/Textures/NeutralAerial/Nair06.uasset" 288
"../../../IslandEscape/Content/IslandEscape/Character/Sprites/NeutralAerial/Nair06_Sprite.uasset" 289
"../../../IslandEscape/Content/IslandEscape/Character/Textures/NeutralAerial/Nair07.uasset" 290
"../../../IslandEscape/Content/IslandEscape/Character/Sprites/NeutralAerial/Nair07_Sprite.uasset" 291
"../../../IslandEscape/Content/IslandEscape/Character/Textures/NeutralAerial/Nair08.uasset" 292
"../../../IslandEscape/Content/IslandEscape/Character/Sprites/NeutralAerial/Nair08_Sprite.uasset" 293
"../../../IslandEscape/Content/IslandEscape/Character/Textures/NeutralAerial/Nair09.uasset" 294
"../../../IslandEscape/Content/IslandEscape/Character/Sprites/NeutralAerial/Nair09_Sprite.uasset" 295
"../../../IslandEscape/Content/IslandEscape/Character/Animations/NeutralAir.uasset" 296
"../../../IslandEscape/Content/IslandEscape/Character/Textures/RockThrow/ThrowRock02.uasset" 297
"../../../IslandEscape/Content/IslandEscape/Character/Sprites/RockThrow/ThrowRock02_Sprite.uasset" 298
"../../../IslandEscape/Content/IslandEscape/Character/Textures/RockThrow/ThrowRock03.uasset" 299
"../../../IslandEscape/Content/IslandEscape/Character/Sprites/RockThrow/ThrowRock03_Sprite.uasset" 300
"../../../IslandEscape/Content/IslandEscape/Character/Textures/RockThrow/ThrowRock04.uasset" 301
"../../../IslandEscape/Content/IslandEscape/Character/Sprites/RockThrow/ThrowRock04_Sprite.uasset" 302
"../../../IslandEscape/Content/IslandEscape/Character/Textures/RockThrow/ThrowRock05.uasset" 303
"../../../IslandEscape/Content/IslandEscape/Character/Sprites/RockThrow/ThrowRock05_Sprite.uasset" 304
"../../../IslandEscape/Content/IslandEscape/Character/Textures/RockThrow/ThrowRock06.uasset" 305
"../../../IslandEscape/Content/IslandEscape/Character/Sprites/RockThrow/ThrowRock06_Sprite.uasset" 306
"../../../IslandEscape/Content/IslandEscape/Character/Textures/RockThrow/ThrowRock07.uasset" 307
"../../../IslandEscape/Content/IslandEscape/Character/Sprites/RockThrow/ThrowRock07_Sprite.uasset" 308
"../../../IslandEscape/Content/IslandEscape/Character/Textures/RockThrow/ThrowRock08.uasset" 309
"../../../IslandEscape/Content/IslandEscape/Character/Sprites/RockThrow/ThrowRock08_Sprite.uasset" 310
"../../../IslandEscape/Content/IslandEscape/Character/Textures/RockThrow/ThrowRock09.uasset" 311
"../../../IslandEscape/Content/IslandEscape/Character/Sprites/RockThrow/ThrowRock09_Sprite.uasset" 312
"../../../IslandEscape/Content/IslandEscape/Character/Animations/RockThrow.uasset" 313
"../../../IslandEscape/Content/IslandEscape/Character/Textures/Standing/Standing1.uasset" 314
"../../../IslandEscape/Content/IslandEscape/Character/Sprites/Standing/Standing1_Sprite.uasset" 315
"../../../IslandEscape/Content/IslandEscape/Character/Textures/Standing/Standing2.uasset" 316
"../../../IslandEscape/Content/IslandEscape/Character/Sprites/Standing/Standing2_Sprite.uasset" 317
"../../../IslandEscape/Content/IslandEscape/Character/Textures/Standing/Standing3.uasset" 318
"../../../IslandEscape/Content/IslandEscape/Character/Sprites/Standing/Standing3_Sprite.uasset" 319
"../../../IslandEscape/Content/IslandEscape/Character/Textures/Standing/Standing4.uasset" 320
"../../../IslandEscape/Content/IslandEscape/Character/Sprites/Standing/Standing4_Sprite.uasset" 321
"../../../IslandEscape/Content/IslandEscape/Character/Textures/Standing/Standing5.uasset" 322
"../../../IslandEscape/Content/IslandEscape/Character/Sprites/Standing/Standing5_Sprite.uasset" 323
"../../../IslandEscape/Content/IslandEscape/Character/Textures/Standing/Standing6.uasset" 324
"../../../IslandEscape/Content/IslandEscape/Character/Sprites/Standing/Standing6_Sprite.uasset" 325
"../../../IslandEscape/Content/IslandEscape/Character/Textures/Standing/Standing7.uasset" 326
"../../../IslandEscape/Content/IslandEscape/Character/Sprites/Standing/Standing7_Sprite.uasset" 327
"../../../IslandEscape/Content/IslandEscape/Character/Textures/Standing/Standing8.uasset" 328
"../../../IslandEscape/Content/IslandEscape/Character/Sprites/Standing/Standing8_Sprite.uasset" 329
"../../../IslandEscape/Content/IslandEscape/Character/Animations/Standing.uasset" 330
"../../../IslandEscape/Content/IslandEscape/Character/Textures/UpwardAerial/Uair02.uasset" 331
"../../../IslandEscape/Content/IslandEscape/Character/Sprites/UpwardAerial/Uair02_Sprite.uasset" 332
"../../../IslandEscape/Content/IslandEscape/Character/Textures/UpwardAerial/Uair03.uasset" 333
"../../../IslandEscape/Content/IslandEscape/Character/Sprites/UpwardAerial/Uair03_Sprite.uasset" 334
"../../../IslandEscape/Content/IslandEscape/Character/Textures/UpwardAerial/Uair04.uasset" 335
"../../../IslandEscape/Content/IslandEscape/Character/Sprites/UpwardAerial/Uair04_Sprite.uasset" 336
"../../../IslandEscape/Content/IslandEscape/Character/Textures/UpwardAerial/Uair05.uasset" 337
"../../../IslandEscape/Content/IslandEscape/Character/Sprites/UpwardAerial/Uair05_Sprite.uasset" 338
"../../../IslandEscape/Content/IslandEscape/Character/Textures/UpwardAerial/Uair06.uasset" 339
"../../../IslandEscape/Content/IslandEscape/Character/Sprites/UpwardAerial/Uair06_Sprite.uasset" 340
"../../../IslandEscape/Content/IslandEscape/Character/Textures/UpwardAerial/Uair07.uasset" 341
"../../../IslandEscape/Content/IslandEscape/Character/Sprites/UpwardAerial/Uair07_Sprite.uasset" 342
"../../../IslandEscape/Content/IslandEscape/Character/Textures/UpwardAerial/Uair08.uasset" 343
"../../../IslandEscape/Content/IslandEscape/Character/Sprites/UpwardAerial/Uair08_Sprite.uasset" 344
"../../../IslandEscape/Content/IslandEscape/Character/Textures/UpwardAerial/Uair09.uasset" 345
"../../../IslandEscape/Content/IslandEscape/Character/Sprites/UpwardAerial/Uair09_Sprite.uasset" 346
"../../../IslandEscape/Content/IslandEscape/Character/Textures/UpwardAerial/Uair10.uasset" 347
"../../../IslandEscape/Content/IslandEscape/Character/Sprites/UpwardAerial/Uair10_Sprite.uasset" 348
"../../../IslandEscape/Content/IslandEscape/Character/Textures/UpwardAerial/Uair11.uasset" 349
"../../../IslandEscape/Content/IslandEscape/Character/Sprites/UpwardAerial/Uair11_Sprite.uasset" 350
"../../../IslandEscape/Content/IslandEscape/Character/Textures/UpwardAerial/Uair12.uasset" 351
"../../../IslandEscape/Content/IslandEscape/Character/Sprites/UpwardAerial/Uair12_Sprite.uasset" 352
"../../../IslandEscape/Content/IslandEscape/Character/Textures/UpwardAerial/Uair13.uasset" 353
"../../../IslandEscape/Content/IslandEscape/Character/Sprites/UpwardAerial/Uair13_Sprite.uasset" 354
"../../../IslandEscape/Content/IslandEscape/Character/Textures/UpwardAerial/Uair14.uasset" 355
"../../../IslandEscape/Content/IslandEscape/Character/Sprites/UpwardAerial/Uair14_Sprite.uasset" 356
"../../../IslandEscape/Content/IslandEscape/Character/Textures/UpwardAerial/Uair15.uasset" 357
"../../../IslandEscape/Content/IslandEscape/Character/Sprites/UpwardAerial/Uair15_Sprite.uasset" 358
"../../../IslandEscape/Content/IslandEscape/Character/Animations/UpAir.uasset" 359
"../../../IslandEscape/Content/IslandEscape/Character/Textures/Uptilt/Uptilt01.uasset" 360
"../../../IslandEscape/Content/IslandEscape/Character/Sprites/Uptilt/Uptilt01_Sprite.uasset" 361
"../../../IslandEscape/Content/IslandEscape/Character/Textures/Uptilt/Uptilt02.uasset" 362
"../../../IslandEscape/Content/IslandEscape/Character/Sprites/Uptilt/Uptilt02_Sprite.uasset" 363
"../../../IslandEscape/Content/IslandEscape/Character/Textures/Uptilt/Uptilt03.uasset" 364
"../../../IslandEscape/Content/IslandEscape/Character/Sprites/Uptilt/Uptilt03_Sprite.uasset" 365
"../../../IslandEscape/Content/IslandEscape/Character/Textures/Uptilt/Uptilt04.uasset" 366
"../../../IslandEscape/Content/IslandEscape/Character/Sprites/Uptilt/Uptilt04_Sprite.uasset" 367
"../../../IslandEscape/Content/IslandEscape/Character/Textures/Uptilt/Uptilt05.uasset" 368
"../../../IslandEscape/Content/IslandEscape/Character/Sprites/Uptilt/Uptilt05_Sprite.uasset" 369
"../../../IslandEscape/Content/IslandEscape/Character/Textures/Uptilt/Uptilt06.uasset" 370
"../../../IslandEscape/Content/IslandEscape/Character/Sprites/Uptilt/Uptilt06_Sprite.uasset" 371
"../../../IslandEscape/Content/IslandEscape/Character/Textures/Uptilt/Uptilt07.uasset" 372
"../../../IslandEscape/Content/IslandEscape/Character/Sprites/Uptilt/Uptilt07_Sprite.uasset" 373
"../../../IslandEscape/Content/IslandEscape/Character/Textures/Uptilt/Uptilt08.uasset" 374
"../../../IslandEscape/Content/IslandEscape/Character/Sprites/Uptilt/Uptilt08_Sprite.uasset" 375
"../../../IslandEscape/Content/IslandEscape/Character/Textures/Uptilt/Uptilt09.uasset" 376
"../../../IslandEscape/Content/IslandEscape/Character/Sprites/Uptilt/Uptilt09_Sprite.uasset" 377
"../../../IslandEscape/Content/IslandEscape/Character/Textures/Uptilt/Uptilt10.uasset" 378
"../../../IslandEscape/Content/IslandEscape/Character/Sprites/Uptilt/Uptilt10_Sprite.uasset" 379
"../../../IslandEscape/Content/IslandEscape/Character/Textures/Uptilt/Uptilt11.uasset" 380
"../../../IslandEscape/Content/IslandEscape/Character/Sprites/Uptilt/Uptilt11_Sprite.uasset" 381
"../../../IslandEscape/Content/IslandEscape/Character/Textures/Uptilt/Uptilt12.uasset" 382
"../../../IslandEscape/Content/IslandEscape/Character/Sprites/Uptilt/Uptilt12_Sprite.uasset" 383
"../../../IslandEscape/Content/IslandEscape/Character/Textures/Uptilt/Uptilt13.uasset" 384
"../../../IslandEscape/Content/IslandEscape/Character/Sprites/Uptilt/Uptilt13_Sprite.uasset" 385
"../../../IslandEscape/Content/IslandEscape/Character/Textures/Uptilt/Uptilt14.uasset" 386
"../../../IslandEscape/Content/IslandEscape/Character/Sprites/Uptilt/Uptilt14_Sprite.uasset" 387
"../../../IslandEscape/Content/IslandEscape/Character/Textures/Uptilt/Uptilt15.uasset" 388
"../../../IslandEscape/Content/IslandEscape/Character/Sprites/Uptilt/Uptilt15_Sprite.uasset" 389
"../../../IslandEscape/Content/IslandEscape/Character/Textures/Uptilt/Uptilt16.uasset" 390
"../../../IslandEscape/Content/IslandEscape/Character/Sprites/Uptilt/Uptilt16_Sprite.uasset" 391
"../../../IslandEscape/Content/IslandEscape/Character/Animations/Uptilt.uasset" 392
"../../../IslandEscape/Content/IslandEscape/Character/Animations/Uthrow.uasset" 393
"../../../IslandEscape/Content/IslandEscape/Character/Textures/Walk/Walk1.uasset" 394
"../../../IslandEscape/Content/IslandEscape/Character/Sprites/Walk/Walk1_Sprite.uasset" 395
"../../../IslandEscape/Content/IslandEscape/Character/Textures/Walk/Walk2.uasset" 396
"../../../IslandEscape/Content/IslandEscape/Character/Sprites/Walk/Walk2_Sprite.uasset" 397
"../../../IslandEscape/Content/IslandEscape/Character/Textures/Walk/Walk3.uasset" 398
"../../../IslandEscape/Content/IslandEscape/Character/Sprites/Walk/Walk3_Sprite.uasset" 399
"../../../IslandEscape/Content/IslandEscape/Character/Textures/Walk/Walk4.uasset" 400
"../../../IslandEscape/Content/IslandEscape/Character/Sprites/Walk/Walk4_Sprite.uasset" 401
"../../../IslandEscape/Content/IslandEscape/Character/Textures/Walk/Walk5.uasset" 402
"../../../IslandEscape/Content/IslandEscape/Character/Sprites/Walk/Walk5_Sprite.uasset" 403
"../../../IslandEscape/Content/IslandEscape/Character/Textures/Walk/Walk6.uasset" 404
"../../../IslandEscape/Content/IslandEscape/Character/Sprites/Walk/Walk6_Sprite.uasset" 405
"../../../IslandEscape/Content/IslandEscape/Character/Textures/Walk/Walk7.uasset" 406
"../../../IslandEscape/Content/IslandEscape/Character/Sprites/Walk/Walk7_Sprite.uasset" 407
"../../../IslandEscape/Content/IslandEscape/Character/Textures/Walk/Walk8.uasset" 408
"../../../IslandEscape/Content/IslandEscape/Character/Sprites/Walk/Walk8_Sprite.uasset" 409
"../../../IslandEscape/Content/IslandEscape/Character/Textures/Walk/Walk9.uasset" 410
"../../../IslandEscape/Content/IslandEscape/Character/Sprites/Walk/Walk9_Sprite.uasset" 411
"../../../IslandEscape/Content/IslandEscape/Character/Animations/Walk.uasset" 412
"../../../IslandEscape/Content/IslandEscape/Character/IE_CharacterStates.uasset" 413
"../../../IslandEscape/Content/SimpleCartoonFX/Textures/T_Smoke_Seq_00.uasset" 414
"../../../IslandEscape/Content/SimpleCartoonFX/Materials/Smoke_Sheet_Mat.uasset" 415
"../../../IslandEscape/Content/SimpleCartoonFX/Textures/T_Explosion_00.uasset" 416
"../../../IslandEscape/Content/SimpleCartoonFX/Textures/T_Explosion_Disolve.uasset" 417
"../../../IslandEscape/Content/SimpleCartoonFX/Materials/Cartoon_Distort_Translucent.uasset" 418
"../../../IslandEscape/Content/SimpleCartoonFX/Textures/T_Land_Smoke_00.uasset" 419
"../../../IslandEscape/Content/SimpleCartoonFX/Textures/T_Round_Disolve.uasset" 420
"../../../IslandEscape/Content/SimpleCartoonFX/Materials/Cartoon_Distort_Translucent_Inst.uasset" 421
"../../../IslandEscape/Content/SimpleCartoonFX/Textures/T_Round_Disolve_01.uasset" 422
"../../../IslandEscape/Content/SimpleCartoonFX/Textures/T_Smoke_00.uasset" 423
"../../../IslandEscape/Content/SimpleCartoonFX/Materials/Cartoon_Distort_Translucent_Inst2.uasset" 424
"../../../IslandEscape/Content/SimpleCartoonFX/Mesh/MS_Land_Half_Cylinder.uasset" 425
"../../../IslandEscape/Content/SimpleCartoonFX/Materials/Land_Smoke_Mat.uasset" 426
"../../../IslandEscape/Content/SimpleCartoonFX/Mesh/MS_Land_Half_Cylinder_1.uasset" 427
"../../../IslandEscape/Content/IslandEscape/Character/VFX/Misc/JumpSmoke.uasset" 428
"../../../IslandEscape/Content/IslandEscape/Character/VFX/HitMat.uasset" 429
"../../../IslandEscape/Content/IslandEscape/Character/VFX/UtiltTrail.uasset" 430
"../../../IslandEscape/Content/IslandEscape/Character/IE_Character.uasset" 431
"../../../IslandEscape/Content/IslandEscape/Camera/IE_Camera.uasset" 432
"../../../IslandEscape/Content/IslandEscape/UI/images/Background.uasset" 433
"../../../IslandEscape/Content/IslandEscape/UI/images/logo.uasset" 434
"../../../IslandEscape/Content/IslandEscape/UI/Congratulation.uasset" 435
"../../../IslandEscape/Content/IslandEscape/UI/GameOver.uasset" 436
"../../../IslandEscape/Content/IslandEscape/UI/images/character_box.uasset" 437
"../../../IslandEscape/Content/IslandEscape/UI/InGame.uasset" 438
"../../../IslandEscape/Content/IslandEscape/UI/Loading.uasset" 439
"../../../IslandEscape/Content/IslandEscape/GameModes/IE_GameMode.uasset" 440
"../../../Engine/Content/Functions/Engine_MaterialFunctions01/Opacity/CameraDepthFade.uasset" 441
"../../../Engine/Content/EngineMaterials/T_Default_Material_Grid_M.uasset" 442
"../../../Engine/Content/EngineMaterials/T_Default_Material_Grid_N.uasset" 443
"../../../Engine/Content/EngineMaterials/DefaultMaterial.uasset" 444
"../../../Engine/Content/BasicShapes/Cone.uasset" 445
"../../../Engine/Content/BasicShapes/Cylinder.uasset" 446
"../../../Engine/Content/EngineMaterials/WorldGridMaterial.uasset" 447
"../../../Engine/Content/BasicShapes/Plane.uasset" 448
"../../../Engine/Content/BasicShapes/Sphere.uasset" 449
"../../../Engine/Content/EditorLandscapeResources/DataLayer.uasset" 450
"../../../Engine/Content/EditorMaterials/GizmoMaterial.uasset" 451
"../../../Engine/Content/EditorMaterials/MAT_Groups_Toggle.uasset" 452
"../../../Engine/Content/EditorMaterials/MAT_Groups_Visibility.uasset" 453
"../../../Engine/Content/EditorMaterials/PreviewShadowIndicator.uasset" 454
"../../../Engine/Content/EditorMaterials/PreviewShadowIndicatorMaterial.uasset" 455
"../../../Engine/Content/EditorMaterials/MatineeGroups/MAT_ColorTrack.uasset" 456
"../../../Engine/Content/EditorMaterials/MatineeGroups/MAT_Groups_Anim.uasset" 457
"../../../Engine/Content/EditorMaterials/MatineeGroups/MAT_Groups_AudioMaster.uasset" 458
"../../../Engine/Content/EditorMaterials/MatineeGroups/MAT_Groups_Director.uasset" 459
"../../../Engine/Content/EditorMaterials/MatineeGroups/MAT_Groups_Event.uasset" 460
"../../../Engine/Content/EditorMaterials/MatineeGroups/MAT_Groups_Fade.uasset" 461
"../../../Engine/Content/EditorMaterials/MatineeGroups/MAT_Groups_Float.uasset" 462
"../../../Engine/Content/EditorMaterials/MatineeGroups/MAT_Groups_Move.uasset" 463
"../../../Engine/Content/EditorMaterials/MatineeGroups/MAT_Groups_Slomo.uasset" 464
"../../../Engine/Content/EditorMaterials/MatineeGroups/MAT_Groups_Sound.uasset" 465
"../../../Engine/Content/EditorMaterials/MatineeGroups/MAT_Groups_Vector.uasset" 466
"../../../Engine/Content/EditorMaterials/ParticleSystems/PSysThumbnail_NoImage.uasset" 467
"../../../Engine/Content/EditorMaterials/ParticleSystems/PSysThumbnail_OOD.uasset" 468
"../../../Engine/Content/EditorMaterials/Camera/CineMat.uasset" 469
"../../../Engine/Content/EditorMaterials/Camera/MI_CineMat_Rig.uasset" 470
"../../../Engine/Content/EditorMeshes/Camera/SM_CraneRig_Arm.uasset" 471
"../../../Engine/Content/EditorMeshes/Camera/SM_CraneRig_Base.uasset" 472
"../../../Engine/Content/EditorMeshes/Camera/SM_CraneRig_Body.uasset" 473
"../../../Engine/Content/EditorMeshes/Camera/SM_CraneRig_Mount.uasset" 474
"../../../Engine/Content/EditorMeshes/Camera/SM_RailRig_Mount.uasset" 475
"../../../Engine/Content/EditorMeshes/ColorCalibrator/M_ChromeBall.uasset" 476
"../../../Engine/Content/EditorMeshes/ColorCalibrator/M_ClearCoat.uasset" 477
"../../../Engine/Content/EditorMeshes/ColorCalibrator/M_ClearCoatBlack.uasset" 478
"../../../Engine/Content/EditorMeshes/ColorCalibrator/Color_checker.uasset" 479
"../../../Engine/Content/EditorMeshes/ColorCalibrator/M_ColorGrid.uasset" 480
"../../../Engine/Content/EditorMeshes/ColorCalibrator/M_GreyBall.uasset" 481
"../../../Engine/Content/EditorMeshes/ColorCalibrator/SM_ColorCalibrator.uasset" 482
"../../../Engine/Content/EditorResources/BSPVertex.uasset" 483
"../../../Engine/Content/EditorResources/EmptyActor.uasset" 484
"../../../Engine/Content/EditorResources/S_Actor.uasset" 485
"../../../Engine/Content/EditorResources/S_Trigger.uasset" 486
"../../../Engine/Content/EditorResources/LightIcons/S_LightError.uasset" 487
"../../../Engine/Content/EditorResources/SequenceRecorder/Countdown.uasset" 488
"../../../Engine/Content/EditorResources/SequenceRecorder/RecordingIndicator.uasset" 489
"../../../Engine/Content/EditorSounds/Notifications/CompileFailed.uasset" 490
"../../../Engine/Content/EditorSounds/Notifications/CompileFailed_Cue.uasset" 491
"../../../Engine/Content/EditorSounds/Notifications/CompileSuccess.uasset" 492
"../../../Engine/Content/EditorSounds/Notifications/CompileStart_Cue.uasset" 493
"../../../Engine/Content/EditorSounds/Notifications/CompileSuccess_Cue.uasset" 494
"../../../Engine/Content/EngineDamageTypes/DmgTypeBP_Environmental.uasset" 495
"../../../Engine/Content/EngineDebugMaterials/HeatmapGradient.uasset" 496
"../../../Engine/Content/EngineDebugMaterials/BoneWeightMaterial.uasset" 497
"../../../Engine/Content/EngineDebugMaterials/ClothMaterial.uasset" 498
"../../../Engine/Content/EngineDebugMaterials/ClothMaterial_WF.uasset" 499
"../../../Engine/Content/EngineDebugMaterials/DebugEditorMaterial.uasset" 500
"../../../Engine/Content/EngineDebugMaterials/DebugMeshMaterial.uasset" 501
"../../../Engine/Content/EngineDebugMaterials/GeomMaterial.uasset" 502
"../../../Engine/Content/EngineFonts/Faces/RobotoBold.uasset" 503
"../../../Engine/Content/EngineFonts/Faces/RobotoBoldItalic.uasset" 504
"../../../Engine/Content/EngineFonts/Faces/RobotoItalic.uasset" 505
"../../../Engine/Content/EngineFonts/Faces/RobotoLight.uasset" 506
"../../../Engine/Content/EngineFonts/Faces/RobotoRegular.uasset" 507
"../../../Engine/Content/EngineFonts/Roboto.uasset" 508
"../../../Engine/Content/EngineFonts/Faces/RobotoTiny.uasset" 509
"../../../Engine/Content/EngineFonts/RobotoTiny.uasset" 510
"../../../Engine/Content/EngineMaterials/DefaultBloomKernel.uasset" 511
"../../../Engine/Content/EngineMaterials/DefaultBokeh.uasset" 512
"../../../Engine/Content/EngineMaterials/DefaultDiffuse.uasset" 513
"../../../Engine/Content/EngineMaterials/DefaultDeferredDecalMaterial.uasset" 514
"../../../Engine/Content/EngineMaterials/DefaultLightFunctionMaterial.uasset" 515
"../../../Engine/Content/Functions/Engine_MaterialFunctions02/Utility/BreakOutFloat2Components.uasset" 516
"../../../Engine/Content/EngineMaterials/DefaultPostProcessMaterial.uasset" 517
"../../../Engine/Content/EngineFonts/RobotoDistanceField.uasset" 518
"../../../Engine/Content/EngineMaterials/DefaultTextMaterialOpaque.uasset" 519
"../../../Engine/Content/EngineMaterials/DefaultWhiteGrid.uasset" 520
"../../../Engine/Content/EngineMaterials/EditorBrushMaterial.uasset" 521
"../../../Engine/Content/EngineMaterials/Good64x64TilingNoiseHighFreq.uasset" 522
"../../../Engine/Content/EngineMaterials/MiniFont.uasset" 523
"../../../Engine/Content/EngineMaterials/InvalidLightmapSettings.uasset" 524
"../../../Engine/Content/EngineMaterials/M_InvalidLightmapSettings.uasset" 525
"../../../Engine/Content/Functions/Engine_MaterialFunctions02/WorldPositionOffset/CameraOffset.uasset" 526
"../../../Engine/Content/EngineMaterials/PhAT_JointLimitMaterial.uasset" 527
"../../../Engine/Content/EngineMaterials/PreintegratedSkinBRDF.uasset" 528
"../../../Engine/Content/EngineMaterials/RemoveSurfaceMaterial.uasset" 529
"../../../Engine/Content/EngineMaterials/WeightMapPlaceholderTexture.uasset" 530
"../../../Engine/Content/EngineResources/WhiteSquareTexture.uasset" 531
"../../../Engine/Content/EngineMaterials/Widget3DPassThrough.uasset" 532
"../../../Engine/Content/EngineMaterials/Widget3DPassThrough_Masked.uasset" 533
"../../../Engine/Content/EngineMaterials/Widget3DPassThrough_Opaque.uasset" 534
"../../../Engine/Content/EngineMaterials/Widget3DPassThrough_Masked_OneSided.uasset" 535
"../../../Engine/Content/EngineMaterials/Widget3DPassThrough_Opaque_OneSided.uasset" 536
"../../../Engine/Content/EngineMaterials/Widget3DPassThrough_Translucent.uasset" 537
"../../../Engine/Content/EngineMaterials/Widget3DPassThrough_Translucent_OneSided.uasset" 538
"../../../Engine/Content/EngineMeshes/Cube.uasset" 539
"../../../Engine/Content/EngineMeshes/Cylinder.uasset" 540
"../../../Engine/Content/EngineMeshes/Sphere.uasset" 541
"../../../Engine/Content/EngineResources/Black.uasset" 542
"../../../Engine/Content/EngineResources/DefaultTexture.uasset" 543
"../../../Engine/Content/EngineResources/DefaultTextureCube.uasset" 544
"../../../Engine/Content/EngineResources/GradientTexture0.uasset" 545
"../../../Engine/Content/EngineSounds/Master.uasset" 546
"../../../Engine/Content/Functions/Engine_MaterialFunctions01/Shading/ConvertFromDiffSpec.uasset" 547
"../../../Engine/Content/Functions/Engine_MaterialFunctions01/Shading/PowerToRoughness.uasset" 548
"../../../Engine/Content/Maps/Templates/Thumbnails/Default.uasset" 549
"../../../Engine/Content/Maps/Templates/Thumbnails/VR-Basic.uasset" 550
"../../../Engine/Content/MobileResources/T_MobileControls_texture.uasset" 551
"../../../Engine/Content/MobileResources/T_MobileMenu2.uasset" 552
"../../../Engine/Content/MobileResources/HUD/AnalogHat.uasset" 553
"../../../Engine/Content/MobileResources/HUD/VirtualJoystick_Background.uasset" 554
"../../../Engine/Content/MobileResources/HUD/VirtualJoystick_Thumb.uasset" 555
"../../../Engine/Content/MobileResources/HUD/DefaultVirtualJoysticks.uasset" 556
"../../../Engine/Content/MobileResources/HUD/LeftVirtualJoystickOnly.uasset" 557
"../../../Engine/Content/MobileResources/HUD/MobileHUDButton1_off.uasset" 558
"../../../Engine/Content/MobileResources/HUD/MobileHUDButton1_on.uasset" 559
"../../../Engine/Content/MobileResources/HUD/MobileHUDButton2_off.uasset" 560
"../../../Engine/Content/MobileResources/HUD/MobileHUDButton2_on.uasset" 561
"../../../Engine/Content/MobileResources/HUD/MobileHUDButton3.uasset" 562
"../../../Engine/Content/MobileResources/HUD/MobileHUDButtonFire.uasset" 563
"../../../Engine/Content/MobileResources/HUD/MobileHUDDirectionPad.uasset" 564
"../../../Engine/Content/MobileResources/HUD/MobileHUDDirectionPad2.uasset" 565
"../../../Engine/Content/MobileResources/HUD/MobileHUDDirectionPad3.uasset" 566
"../../../Engine/Content/MobileResources/HUD/MobileHUDDirectionStick.uasset" 567
"../../../Engine/Content/MobileResources/HUD/T_Castle_ThumbstickInner.uasset" 568
"../../../Engine/Content/MobileResources/HUD/T_Castle_ThumbstickOutter.uasset" 569
"../../../Engine/Content/Tutorial/ContentIntroCurve.uasset" 570
"../../../Engine/Content/Tutorial/Basics/TutorialAssets/icon_tab_Levels_40x.uasset" 571
"../../../Engine/Content/Tutorial/BlueprintTutorials/TutorialAssets/BlueprintInterface_64x.uasset" 572
"../../../Engine/Content/Tutorial/BlueprintTutorials/TutorialAssets/BlueprintMacroLibrary_64x.uasset" 573
"../../../Engine/Content/Tutorial/BlueprintTutorials/TutorialAssets/Blueprint_64x.uasset" 574
"../../../Engine/Content/Tutorial/BlueprintTutorials/TutorialAssets/Tutorial_BP_Interface.uasset" 575
"../../../Engine/Content/Tutorial/Foliage/TutorialAssets/Foliage.uasset" 576
"../../../Engine/Content/Tutorial/Landscape/TutorialAssets/Landscape.uasset" 577
"../../../Engine/Content/Tutorial/Paper2D/TutorialAssets/Paper2DFlipbook_TutorialIcon.uasset" 578
"../../../Engine/Content/Tutorial/Paper2D/TutorialAssets/Paper2DSprite_TutorialIcon.uasset" 579
"../../../Engine/Content/Tutorial/SubEditors/TutorialAssets/icon_Editor_Preferences_General_40x.uasset" 580
"../../../Engine/Content/Tutorial/SubEditors/TutorialAssets/icon_ShowSkeletalMeshes_40x.uasset" 581
"../../../Engine/Content/Tutorial/SubEditors/TutorialAssets/TutorialMaterial.uasset" 582
"../../../Engine/Content/Tutorial/SubEditors/TutorialAssets/T_SmokeSubUV_8X8.uasset" 583
"../../../Engine/Content/Tutorial/SubEditors/TutorialAssets/T_soft_smoke.uasset" 584
"../../../Engine/Content/Tutorial/SubEditors/TutorialAssets/M_smoke_subUV_blackbody.uasset" 585
"../../../Engine/Content/Tutorial/SubEditors/TutorialAssets/TutorialParticleSystem.uasset" 586
"../../../Engine/Content/Functions/Engine_MaterialFunctions02/Utility/BreakOutFloat3Components.uasset" 587
"../../../Engine/Content/Functions/Engine_MaterialFunctions02/Math/Transform3x3Matrix.uasset" 588
"../../../Engine/Content/Functions/Engine_MaterialFunctions02/SplitComponents.uasset" 589
"../../../Engine/Content/Functions/Engine_MaterialFunctions02/Utility/MakeFloat3.uasset" 590
"../../../Engine/Content/VREditor/SnapGrid/SnapGridMaterial.uasset" 591
"../../../Engine/Content/VREditor/LaserPointer/VR_LaserPower_01.uasset" 592
"../../../Engine/Content/VREditor/TransformGizmo/TransformGizmoMaterial.uasset" 593
"../../../Engine/Content/VREditor/TransformGizmo/TransformGizmoMaterial_Inst.uasset" 594
"../../../Engine/Content/VREditor/TransformGizmo/TranslucentTransformGizmoMaterial.uasset" 595
"../../../Engine/Content/VREditor/TransformGizmo/TranslucentTransformGizmoMaterial_Inst.uasset" 596
"../../../Engine/Content/VREditor/SnapGrid/SnapGridPlaneMesh.uasset" 597
"../../../Engine/Content/VREditor/Sounds/UI/Drop_Item_From_ContentBrowser.uasset" 598
"../../../Engine/Content/VREditor/Sounds/UI/Gizmo_Handle_Clicked.uasset" 599
"../../../Engine/Content/VREditor/Sounds/UI/Object_PickUp.uasset" 600
"../../../Engine/Content/VREditor/Sounds/UI/Object_Snaps_To_Another_Actor.uasset" 601
"../../../Engine/Content/VREditor/Sounds/UI/Object_Snaps_To_Grid.uasset" 602
"../../../Engine/Content/VREditor/Sounds/UI/Scaling_Down.uasset" 603
"../../../Engine/Content/VREditor/Sounds/UI/Scaling_Up.uasset" 604
"../../../Engine/Content/VREditor/Sounds/UI/Selection_Changes.uasset" 605
"../../../Engine/Content/VREditor/TransformGizmo/PlaneTranslationHandle.uasset" 606
"../../../Engine/Content/VREditor/TransformGizmo/RotationHandleFull.uasset" 607
"../../../Engine/Content/VREditor/TransformGizmo/RotationHandleIndicator.uasset" 608
"../../../Engine/Content/VREditor/TransformGizmo/RotationHandleQuarter.uasset" 609
"../../../Engine/Content/VREditor/TransformGizmo/StartRotationHandleIndicator.uasset" 610
"../../../Engine/Content/VREditor/TransformGizmo/TransformGizmoFreeRotation.uasset" 611
"../../../Engine/Content/VREditor/TransformGizmo/TranslateArrowHandle.uasset" 612
"../../../Engine/Content/VREditor/TransformGizmo/UniformScaleHandle.uasset" 613
"../../../Engine/Content/VREditor/ViewportInteractionAssetContainerData.uasset" 614
"../../../Engine/Content/VREditor/Fonts/VRText_RobotoLarge.uasset" 615
"../../../Engine/Content/VREditor/Fonts/VRTextMaterial.uasset" 616
"../../../Engine/Content/Functions/Engine_MaterialFunctions01/Gradient/RadialGradient.uasset" 617
"../../../Engine/Content/VREditor/WorldMovementGrid/SimpleGrid.uasset" 618
"../../../Engine/Content/VREditor/WorldMovementGrid/GridMaterial.uasset" 619
"../../../Engine/Content/Functions/Engine_MaterialFunctions01/Density/ExponentialDensity.uasset" 620
"../../../Engine/Content/VREditor/WorldMovementGrid/GridPostProcess.uasset" 621
"../../../Engine/Content/VREditor/Devices/Vive/VivePreController_MasksB.uasset" 622
"../../../Engine/Content/VREditor/Devices/Oculus/OculusControllerMaterial.uasset" 623
"../../../Engine/Content/VREditor/Devices/Oculus/OculusControllerMaterial_Inst.uasset" 624
"../../../Engine/Content/VREditor/Devices/Vive/T_VivePreController_EM.uasset" 625
"../../../Engine/Content/VREditor/Devices/Vive/VivePreController_MasksA.uasset" 626
"../../../Engine/Content/VREditor/Devices/Vive/VivePreControllerDiffuse.uasset" 627
"../../../Engine/Content/VREditor/Devices/Vive/VivePreControllerSpec.uasset" 628
"../../../Engine/Content/VREditor/Devices/Vive/VivePreControllerMaterial.uasset" 629
"../../../Engine/Content/VREditor/Devices/Vive/VivePreControllerMaterial_Inst.uasset" 630
"../../../Engine/Content/VREditor/LaserPointer/LaserPointerMaterial.uasset" 631
"../../../Engine/Content/VREditor/LaserPointer/LaserPointerMaterialInst.uasset" 632
"../../../Engine/Content/VREditor/LaserPointer/TranslucentLaserPointerMaterialInst.uasset" 633
"../../../Engine/Content/VREditor/Teleport/TeleportDirectionMaterial.uasset" 634
"../../../Engine/Content/VREditor/Teleport/TeleportDirectionMaterial_Inst.uasset" 635
"../../../Engine/Content/VREditor/Devices/Generic/GenericHMDMaterial.uasset" 636
"../../../Engine/Content/VREditor/Devices/Generic/GenericHMD.uasset" 637
"../../../Engine/Content/VREditor/Devices/Oculus/OculusControllerMesh.uasset" 638
"../../../Engine/Content/VREditor/Devices/Vive/VivePreControllerMesh.uasset" 639
"../../../Engine/Content/VREditor/LaserPointer/CursorPointer.uasset" 640
"../../../Engine/Content/VREditor/LaserPointer/HoverMaterial.uasset" 641
"../../../Engine/Content/VREditor/LaserPointer/TranslucentHoverMaterial.uasset" 642
"../../../Engine/Content/VREditor/LaserPointer/HoverMesh.uasset" 643
"../../../Engine/Content/VREditor/LaserPointer/LaserPointerMesh.uasset" 644
"../../../Engine/Content/VREditor/LaserPointer/LaserPointerMesh_End.uasset" 645
"../../../Engine/Content/VREditor/LaserPointer/LaserPointerMesh_Start.uasset" 646
"../../../Engine/Content/VREditor/Sounds/UI/Click_on_Button_Cue.uasset" 647
"../../../Engine/Content/VREditor/Sounds/UI/Dockable_Window_Close.uasset" 648
"../../../Engine/Content/VREditor/Sounds/UI/Dockable_Window_Drop.uasset" 649
"../../../Engine/Content/VREditor/Sounds/UI/Dockable_Window_Open.uasset" 650
"../../../Engine/Content/VREditor/Sounds/UI/Dockable_Window_Pick_Up.uasset" 651
"../../../Engine/Content/VREditor/Sounds/UI/Floating_UI_Open-001.uasset" 652
"../../../Engine/Content/VREditor/Sounds/UI/Radial_Menu_FadeOut.uasset" 653
"../../../Engine/Content/VREditor/Sounds/UI/Teleport_Mode_Entered.uasset" 654
"../../../Engine/Content/VREditor/Sounds/VR_teleport.uasset" 655
"../../../Engine/Content/VREditor/Teleport/TeleportDirectionMesh.uasset" 656
"../../../Engine/Content/VREditor/TransformGizmo/Main.uasset" 657
"../../../Engine/Content/VREditor/TransformGizmo/Xray.uasset" 658
"../../../Engine/Content/VREditor/TransformGizmo/SM_Dialog_Close.uasset" 659
"../../../Engine/Content/VREditor/TransformGizmo/SM_Dialog_Move.uasset" 660
"../../../Engine/Content/VREditor/Devices/Vive/UE4_Logo.uasset" 661
"../../../Engine/Content/VREditor/UI/M_ContentWindow.uasset" 662
"../../../Engine/Content/VREditor/UI/SM_ContentWindow_01.uasset" 663
"../../../Engine/Content/VREditor/UI/KeyDiskMaterial.uasset" 664
"../../../Engine/Content/VREditor/UI/DiscMaterial.uasset" 665
"../../../Engine/Content/VREditor/UI/SM_Radial_Disk.uasset" 666
"../../../Engine/Content/VREditor/UI/ArrowMaterial.uasset" 667
"../../../Engine/Content/VREditor/UI/SM_Radial_Pointer.uasset" 668
"../../../Engine/Content/EditorLandscapeResources/FlattenHeightMat.uasset" 669
"../../../Engine/Content/VREditor/WorldMovementGrid/PlaneMesh.uasset" 670
"../../../Engine/Content/VREditor/VREditorAssetContainerData.uasset" 671
"../../../Engine/Content/VREditor/FloatingText/LineMaterial.uasset" 672
"../../../Engine/Content/VREditor/FloatingText/JointSphere.uasset" 673
"../../../Engine/Content/VREditor/FloatingText/LineSegmentCylinder.uasset" 674
"../../../Engine/Content/VREditor/Fonts/TranslucentVRTextMaterial.uasset" 675
"../../../Engine/Content/VREditor/TransformGizmo/BoundingBoxCorner.uasset" 676
"../../../Engine/Content/VREditor/TransformGizmo/BoundingBoxEdge.uasset" 677
"../../../Engine/Content/VREditor/TransformGizmo/SM_Sequencer_Key.uasset" 678
"../../../Engine/Content/VREditor/TransformGizmo/SM_Sequencer_Node.uasset" 679
"../../../Engine/Plugins/2D/Paper2D/Content/DummySprite.uasset" 680
"../../../Engine/Plugins/2D/Paper2D/Content/DefaultPaperTerrainMaterial.uasset" 681
"../../../Engine/Plugins/2D/Paper2D/Content/MaskedUnlitSpriteMaterial.uasset" 682
"../../../Engine/Plugins/2D/Paper2D/Content/OpaqueUnlitSpriteMaterial.uasset" 683
"../../../Engine/Plugins/Media/MediaCompositing/Content/DefaultMediaPlaneMaterial.uasset" 684
"../../../Engine/Content/Functions/Engine_MaterialFunctions02/Utility/MakeFloat4.uasset" 685
"../../../Engine/Plugins/Runtime/AppleARKit/Content/ARKitCameraMaterial.uasset" 686
"../../../Engine/Plugins/Runtime/Oculus/OculusVR/Content/Textures/GearVRController_AO.uasset" 687
"../../../Engine/Plugins/Runtime/Oculus/OculusVR/Content/Textures/GearVRController_Color.uasset" 688
"../../../Engine/Plugins/Runtime/Oculus/OculusVR/Content/Textures/GearVRController_Normal.uasset" 689
"../../../Engine/Plugins/Runtime/Oculus/OculusVR/Content/Materials/GearVRControllerMaterial.uasset" 690
"../../../Engine/Plugins/Runtime/Oculus/OculusVR/Content/Meshes/GearVrController.uasset" 691
"../../../Engine/Content/EngineSky/C_Sky_Cloud_Color.uasset" 692
"../../../Engine/Content/EngineSky/C_Sky_Horizon_Color.uasset" 693
"../../../Engine/Content/EngineSky/C_Sky_Zenith_Color.uasset" 694
"../../../Engine/Content/EngineSky/T_Sky_Blue.uasset" 695
"../../../Engine/Content/EngineSky/T_Sky_Clouds_M.uasset" 696
"../../../Engine/Content/EngineSky/T_Sky_Stars.uasset" 697
"../../../Engine/Content/EngineSky/M_Sky_Panning_Clouds2.uasset" 698
"../../../Engine/Content/EngineSky/SM_SkySphere.uasset" 699
"../../../Engine/Content/EngineSky/BP_Sky_Sphere.uasset" 700
"../../../IslandEscape/Content/IslandEscape/Collectible/IE_Collectible.uasset" 701
"../../../IslandEscape/Content/IslandEscape/Collectible/Sprite/fruits.uasset" 702
"../../../IslandEscape/Content/IslandEscape/Collectible/Sprite/fruits_Sprite_7.uasset" 703
"../../../IslandEscape/Content/IslandEscape/Collectible/IE_Apple.uasset" 704
"../../../IslandEscape/Content/IslandEscape/Collectible/Sprite/fruits_Sprite_4.uasset" 705
"../../../IslandEscape/Content/IslandEscape/Collectible/IE_BigBasket.uasset" 706
"../../../IslandEscape/Content/IslandEscape/Collectible/Sprite/fruits_Sprite_1.uasset" 707
"../../../IslandEscape/Content/IslandEscape/Collectible/IE_FruitBasket.uasset" 708
"../../../IslandEscape/Content/IslandEscape/LevelElements/HitboxArea.uasset" 709
"../../../IslandEscape/Content/IslandEscape/LevelElements/LevelEndArea.uasset" 710
"../../../IslandEscape/Content/IslandEscape/LevelElements/TeleportArea.uasset" 711
"../../../IslandEscape/Content/IslandEscape/Level/Lacs_sharedassets/Beach_LayerInfo.uasset" 712
"../../../IslandEscape/Content/IslandEscape/Level/Lacs_sharedassets/Grass_LayerInfo.uasset" 713
"../../../IslandEscape/Content/IslandEscape/Level/Lacs_sharedassets/Path_LayerInfo.uasset" 714
"../../../IslandEscape/Content/IslandEscape/Level/Lacs_BuiltData.uasset" 715
"../../../IslandEscape/Content/Environment/Materials/M_Water_Surface.uasset" 716
"../../../Engine/Content/Functions/Engine_MaterialFunctions01/AlphaBlend/WorldAlignedBlend.uasset" 717
"../../../Engine/Content/Functions/Engine_MaterialFunctions02/Fresnel_Function.uasset" 718
"../../../Engine/Content/Functions/Engine_MaterialFunctions03/Particles/Distance_Blend.uasset" 719
"../../../IslandEscape/Content/Environment/Textures/T_BrushStrokes_A.uasset" 720
"../../../IslandEscape/Content/Environment/Textures/T_BrushStrokes_B.uasset" 721
"../../../IslandEscape/Content/Environment/Textures/T_Bumpy_N.uasset" 722
"../../../IslandEscape/Content/Environment/Textures/T_Rock_Cliff_D.uasset" 723
"../../../IslandEscape/Content/Environment/Textures/T_ShapeNormal.uasset" 724
"../../../IslandEscape/Content/Environment/Textures/T_Splotches_A.uasset" 725
"../../../IslandEscape/Content/Environment/Materials/M_Terrain_Ground_A.uasset" 726
"../../../IslandEscape/Content/Environment/Materials/M_Terrain_Ground_A_Inst.uasset" 727
"../../../IslandEscape/Content/IslandEscape/Level/Materials/M_BrushGrass.uasset" 728
"../../../IslandEscape/Content/IslandEscape/Level/Materials/M_BrushGrassInst.uasset" 729
"../../../IslandEscape/Content/IslandEscape/Level/Materials/M_BrushRoad.uasset" 730
"../../../IslandEscape/Content/IslandEscape/Level/Materials/M_BrushRoad_Inst.uasset" 731
"../../../IslandEscape/Content/IslandEscape/Level/Materials/M_BrushRoad_Inst_2.uasset" 732
"../../../IslandEscape/Content/IslandEscape/Level/Materials/M_BrushRoad_InstDark.uasset" 733
"../../../Engine/Content/EngineMaterials/DefaultPhysicalMaterial.uasset" 734
"../../../IslandEscape/Content/IslandEscape/Geometry/MovingRock.uasset" 735
"../../../IslandEscape/Content/IslandEscape/Geometry/Water.uasset" 736
"../../../IslandEscape/Content/SimpleCartoonFX/Textures/Torch_Fire_01.uasset" 737
"../../../IslandEscape/Content/SimpleCartoonFX/Materials/Cartoon_Distort.uasset" 738
"../../../IslandEscape/Content/SimpleCartoonFX/Materials/Cartoon_Distort_Inst.uasset" 739
"../../../IslandEscape/Content/SimpleCartoonFX/Mesh/Sphere_00.uasset" 740
"../../../IslandEscape/Content/IslandEscape/Level/VFX/Fire/Candle_Fire.uasset" 741
"../../../IslandEscape/Content/IslandEscape/Level/Lacs.umap" 742
"../../../IslandEscape/Content/IslandEscape/Camera/MenuCamera.uasset" 743
"../../../IslandEscape/Content/IslandEscape/UI/images/controllerselect_box.uasset" 744
"../../../IslandEscape/Content/IslandEscape/UI/images/controllerselect_btn.uasset" 745
"../../../IslandEscape/Content/IslandEscape/UI/images/controllerselect_btn_Sprite_0.uasset" 746
"../../../IslandEscape/Content/IslandEscape/UI/images/controllerselect_btn_Sprite_1.uasset" 747
"../../../IslandEscape/Content/IslandEscape/UI/images/controllerselect_btn_Sprite_10.uasset" 748
"../../../IslandEscape/Content/IslandEscape/UI/images/controllerselect_btn_Sprite_11.uasset" 749
"../../../IslandEscape/Content/IslandEscape/UI/images/controllerselect_btn_Sprite_12.uasset" 750
"../../../IslandEscape/Content/IslandEscape/UI/images/controllerselect_btn_Sprite_13.uasset" 751
"../../../IslandEscape/Content/IslandEscape/UI/images/controllerselect_btn_Sprite_14.uasset" 752
"../../../IslandEscape/Content/IslandEscape/UI/images/controllerselect_btn_Sprite_15.uasset" 753
"../../../IslandEscape/Content/IslandEscape/UI/images/controllerselect_btn_Sprite_2.uasset" 754
"../../../IslandEscape/Content/IslandEscape/UI/images/controllerselect_btn_Sprite_3.uasset" 755
"../../../IslandEscape/Content/IslandEscape/UI/images/controllerselect_btn_Sprite_4.uasset" 756
"../../../IslandEscape/Content/IslandEscape/UI/images/controllerselect_btn_Sprite_5.uasset" 757
"../../../IslandEscape/Content/IslandEscape/UI/images/controllerselect_btn_Sprite_6.uasset" 758
"../../../IslandEscape/Content/IslandEscape/UI/images/controllerselect_btn_Sprite_7.uasset" 759
"../../../IslandEscape/Content/IslandEscape/UI/images/controllerselect_btn_Sprite_9.uasset" 760
"../../../IslandEscape/Content/IslandEscape/UI/UI_PlayerInput.uasset" 761
"../../../IslandEscape/Content/IslandEscape/UI/images/controllerselect_btn_Sprite_8.uasset" 762
"../../../IslandEscape/Content/IslandEscape/UI/images/menu_btn.uasset" 763
"../../../IslandEscape/Content/IslandEscape/UI/UI_Button.uasset" 764
"../../../IslandEscape/Content/IslandEscape/UI/UI_WaitPlayer.uasset" 765
"../../../IslandEscape/Content/IslandEscape/UI/MainMenu.uasset" 766
"../../../IslandEscape/Content/IslandEscape/GameModes/GM_MainMenu.uasset" 767
"../../../IslandEscape/Content/IslandEscape/Level/MainMenu_sharedassets/Beach_LayerInfo.uasset" 768
"../../../IslandEscape/Content/IslandEscape/Level/MainMenu_sharedassets/Grasss_LayerInfo.uasset" 769
"../../../IslandEscape/Content/IslandEscape/Level/MainMenu_BuiltData.uasset" 770
"../../../Engine/Content/MapTemplates/SM_Template_Map_Floor.uasset" 771
"../../../IslandEscape/Content/IslandEscape/Level/MainMenu.umap" 772
"../../../IslandEscape/Content/IslandEscape/LevelElements/WaitArea.uasset" 773
"../../../IslandEscape/Content/IslandEscape/Level/Tutorial_sharedassets/Beach_LayerInfo.uasset" 774
"../../../IslandEscape/Content/IslandEscape/Level/Tutorial_sharedassets/Grass_LayerInfo.uasset" 775
"../../../IslandEscape/Content/IslandEscape/Level/Tutorial_sharedassets/Path_LayerInfo.uasset" 776
"../../../IslandEscape/Content/IslandEscape/Level/Tutorial_BuiltData.uasset" 777
"../../../IslandEscape/Content/IslandEscape/Level/Materials/M_BrushRock.uasset" 778
"../../../IslandEscape/Content/IslandEscape/Level/Materials/M_BrushRock_Inst.uasset" 779
"../../../Engine/Content/BasicShapes/Cube.uasset" 780
"../../../Engine/Content/EditorMeshes/Camera/SM_RailRig_Track.uasset" 781
"../../../IslandEscape/Content/IslandEscape/UI/Tips1.uasset" 782
"../../../IslandEscape/Content/IslandEscape/UI/Tips2.uasset" 783
"../../../IslandEscape/Content/IslandEscape/Level/Tutorial.umap" 784
"../../../Engine/Content/Maps/Entry.umap" 785
